;  LST file generated by mikroListExporter - v.2.0 
; Date/Time: 30/01/2020 16:01:39
;----------------------------------------------

;Address Opcode 	ASM
0x0000	0x2825      	GOTO       37
_interrupt:
0x0004	0x00FF      	MOVWF      R15
0x0005	0x0E03      	SWAPF      STATUS, 0
0x0006	0x0183      	CLRF       STATUS
0x0007	0x00A5      	MOVWF      ___saveSTATUS
0x0008	0x080A      	MOVF       PCLATH, 0
0x0009	0x00A4      	MOVWF      ___savePCLATH
0x000A	0x018A      	CLRF       PCLATH
;Contador.c,36 :: 		void interrupt()
;Contador.c,38 :: 		}
L_end_interrupt:
L__interrupt11:
0x000B	0x0824      	MOVF       ___savePCLATH, 0
0x000C	0x008A      	MOVWF      PCLATH
0x000D	0x0E25      	SWAPF      ___saveSTATUS, 0
0x000E	0x0083      	MOVWF      STATUS
0x000F	0x0EFF      	SWAPF      R15, 1
0x0010	0x0E7F      	SWAPF      R15, 0
0x0011	0x0009      	RETFIE
; end of _interrupt
_____DoICP:
;__Lib_System.c,6 :: 		
;__Lib_System.c,9 :: 		
0x0012	0x1283      	BCF        STATUS, 5
0x0013	0x1303      	BCF        STATUS, 6
0x0014	0x0823      	MOVF       ___DoICPAddr+1, 0
0x0015	0x008A      	MOVWF      PCLATH
;__Lib_System.c,10 :: 		
0x0016	0x0822      	MOVF       ___DoICPAddr, 0
0x0017	0x0082      	MOVWF      PCL
;__Lib_System.c,12 :: 		
L_end_____DoICP:
0x0018	0x0008      	RETURN
; end of _____DoICP
___CC2DW:
;__Lib_System.c,134 :: 		
;__Lib_System.c,137 :: 		
_CC2D_Loop1:
;__Lib_System.c,139 :: 		
0x0019	0x2012      	CALL       _____DoICP
0x001A	0x118A      	BCF        PCLATH, 3
0x001B	0x120A      	BCF        PCLATH, 4
;__Lib_System.c,141 :: 		
0x001C	0x0080      	MOVWF      INDF
;__Lib_System.c,142 :: 		
0x001D	0x0A84      	INCF       FSR, 1
;__Lib_System.c,143 :: 		
0x001E	0x0AA2      	INCF       ___DoICPAddr, 1
;__Lib_System.c,145 :: 		
0x001F	0x1903      	BTFSC      STATUS, 2
;__Lib_System.c,146 :: 		
0x0020	0x0AA3      	INCF       ___DoICPAddr+1, 1
;__Lib_System.c,147 :: 		
0x0021	0x03F0      	DECF       R0, 1
;__Lib_System.c,149 :: 		
0x0022	0x1D03      	BTFSS      STATUS, 2
;__Lib_System.c,150 :: 		
0x0023	0x2819      	GOTO       _CC2D_Loop1
;__Lib_System.c,152 :: 		
L_end___CC2DW:
0x0024	0x0008      	RETURN
; end of ___CC2DW
_main:
0x0025	0x1283      	BCF        STATUS, 5
0x0026	0x1303      	BCF        STATUS, 6
0x0027	0x01A0      	CLRF       _ESTADO_ANTERIOR
0x0028	0x01A1      	CLRF       _ESTADO
;Contador.c,40 :: 		void main()
;Contador.c,52 :: 		while (1)
L_main0:
;Contador.c,54 :: 		switch (ESTADO) //VERIFICA EM QUAL TELA ESTA POSICIONADO
0x0029	0x283C      	GOTO       L_main2
;Contador.c,57 :: 		case INICIO:
L_main4:
;Contador.c,58 :: 		ESTADO_ANTERIOR = MENU; //GUARDA A INFORMA플O DA ULTIMA TELA CASO PRECISE RETORNAR
0x002A	0x3005      	MOVLW      5
0x002B	0x00A0      	MOVWF      _ESTADO_ANTERIOR
;Contador.c,60 :: 		break;
0x002C	0x2851      	GOTO       L_main3
;Contador.c,62 :: 		case SETBAT:
L_main5:
;Contador.c,63 :: 		ESTADO_ANTERIOR = INICIO; //GUARDA A INFORMA플O DA TELA ANTERIOR CASO PRECISE RETORNAR
0x002D	0x3001      	MOVLW      1
0x002E	0x00A0      	MOVWF      _ESTADO_ANTERIOR
;Contador.c,65 :: 		break;
0x002F	0x2851      	GOTO       L_main3
;Contador.c,67 :: 		case SETPEC:
L_main6:
;Contador.c,68 :: 		ESTADO_ANTERIOR = SETBAT; //GUARDA A INFORMA플O DA TELA ANTERIOR CASO PRECISE RETORNAR
0x0030	0x3002      	MOVLW      2
0x0031	0x00A0      	MOVWF      _ESTADO_ANTERIOR
;Contador.c,70 :: 		break;
0x0032	0x2851      	GOTO       L_main3
;Contador.c,72 :: 		case PRINCIPAL:
L_main7:
;Contador.c,73 :: 		ESTADO_ANTERIOR = SETPEC; //GUARDA A INFORMA플O DA TELA ANTERIOR CASO PRECISE RETORNAR
0x0033	0x3003      	MOVLW      3
0x0034	0x00A0      	MOVWF      _ESTADO_ANTERIOR
;Contador.c,75 :: 		break;
0x0035	0x2851      	GOTO       L_main3
;Contador.c,77 :: 		case MENU:
L_main8:
;Contador.c,78 :: 		ESTADO_ANTERIOR = PRINCIPAL; //GUARDA A INFORMA플O DA TELA ANTERIOR CASO PRECISE RETORNAR
0x0036	0x3004      	MOVLW      4
0x0037	0x00A0      	MOVWF      _ESTADO_ANTERIOR
;Contador.c,80 :: 		break;
0x0038	0x2851      	GOTO       L_main3
;Contador.c,83 :: 		default:
L_main9:
;Contador.c,84 :: 		ESTADO = INICIO;
0x0039	0x3001      	MOVLW      1
0x003A	0x00A1      	MOVWF      _ESTADO
;Contador.c,85 :: 		break;
0x003B	0x2851      	GOTO       L_main3
;Contador.c,86 :: 		}
L_main2:
0x003C	0x0821      	MOVF       _ESTADO, 0
0x003D	0x3A01      	XORLW      1
0x003E	0x1903      	BTFSC      STATUS, 2
0x003F	0x282A      	GOTO       L_main4
0x0040	0x0821      	MOVF       _ESTADO, 0
0x0041	0x3A02      	XORLW      2
0x0042	0x1903      	BTFSC      STATUS, 2
0x0043	0x282D      	GOTO       L_main5
0x0044	0x0821      	MOVF       _ESTADO, 0
0x0045	0x3A03      	XORLW      3
0x0046	0x1903      	BTFSC      STATUS, 2
0x0047	0x2830      	GOTO       L_main6
0x0048	0x0821      	MOVF       _ESTADO, 0
0x0049	0x3A04      	XORLW      4
0x004A	0x1903      	BTFSC      STATUS, 2
0x004B	0x2833      	GOTO       L_main7
0x004C	0x0821      	MOVF       _ESTADO, 0
0x004D	0x3A05      	XORLW      5
0x004E	0x1903      	BTFSC      STATUS, 2
0x004F	0x2836      	GOTO       L_main8
0x0050	0x2839      	GOTO       L_main9
L_main3:
;Contador.c,87 :: 		}
0x0051	0x2829      	GOTO       L_main0
;Contador.c,88 :: 		}
L_end_main:
0x0052	0x2852      	GOTO       $+0
; end of _main
Symbol List:
//** Routines locations **
//ADDRESS    SIZE    PROCEDURE
//----------------------------------------------
0x0004      [14]    _interrupt
0x0012       [7]    _____DoICP
0x0019      [12]    ___CC2DW
0x0025      [46]    _main
//** Variables locations ** 
//ADDRESS    SIZE    VARIABLE
//----------------------------------------------
0x0000       [1]    INDF
0x0002       [1]    PCL
0x0003       [1]    STATUS
0x0004       [1]    FSR
0x0006       [0]    RB1_bit
0x0006       [0]    RB2_bit
0x0006       [0]    RB5_bit
0x0006       [0]    RB4_bit
0x0006       [0]    RB0_bit
0x0006       [0]    RB3_bit
0x000A       [1]    PCLATH
0x0020       [1]    _ESTADO_ANTERIOR
0x0021       [1]    _ESTADO
0x0022       [2]    ___DoICPAddr
0x0024       [1]    ___savePCLATH
0x0025       [1]    ___saveSTATUS
0x0070       [1]    R0
0x0071       [1]    R1
0x0072       [1]    R2
0x0073       [1]    R3
0x0074       [1]    R4
0x0075       [1]    R5
0x0076       [1]    R6
0x0077       [1]    R7
0x0078       [1]    R8
0x0079       [1]    R9
0x007A       [1]    R10
0x007B       [1]    R11
0x007C       [1]    R12
0x007D       [1]    R13
0x007E       [1]    R14
0x007F       [1]    R15
0x0086       [0]    TRISB5_bit
0x0086       [0]    TRISB4_bit
0x0086       [0]    TRISB1_bit
0x0086       [0]    TRISB0_bit
0x0086       [0]    TRISB3_bit
0x0086       [0]    TRISB2_bit
